Commit Log for Tue Dec  4 21:02:55 2012


Installed the following packages:
ffmpeg (6:0.8.4-0ubuntu0.12.10.1)
gimp (2.8.2-1ubuntu1)
gimp-data (2.8.2-1ubuntu1)
javascript-common (8)
libamd2.2.0 (1:3.4.0-2ubuntu3)
libav-tools (6:0.8.4-0ubuntu0.12.10.1)
libavcodec53 (6:0.8.4-0ubuntu0.12.10.1)
libavdevice53 (6:0.8.4-0ubuntu0.12.10.1)
libavfilter2 (6:0.8.4-0ubuntu0.12.10.1)
libavformat53 (6:0.8.4-0ubuntu0.12.10.1)
libavutil51 (6:0.8.4-0ubuntu0.12.10.1)
libbabl-0.1-0 (0.1.10-1ubuntu1)
libblas3 (1.2.20110419-5)
libblas3gf (1.2.20110419-5)
libdc1394-22 (2.2.0-2build1)
libgail18 (2.24.13-0ubuntu2)
libgegl-0.2-0 (0.2.0-1ubuntu2)
libgimp2.0 (2.8.2-1ubuntu1)
libgsm1 (1.0.13-4)
libilmbase6 (1.0.1-4)
libjavascriptcoregtk-1.0-0 (1.10.0-0ubuntu1)
libjs-excanvas (0.r3-3)
libjs-mochikit (1.4.2-3fakesync1)
libnetpbm10 (2:10.0-15ubuntu1)
libopenexr6 (1.6.1-6)
libpostproc52 (6:0.8.4-0ubuntu0.12.10.1)
libschroedinger-1.0-0 (1.0.11-2)
libsdl1.2debian (1.2.15-5ubuntu1)
libswscale2 (6:0.8.4-0ubuntu0.12.10.1)
libumfpack5.4.0 (1:3.4.0-2ubuntu3)
libva1 (1.0.15-4build1)
libvpx1 (1.1.0-1)
libwebkitgtk-1.0-0 (1.10.0-0ubuntu1)
libwebkitgtk-1.0-common (1.10.0-0ubuntu1)
netpbm (2:10.0-15ubuntu1)
par2 (0.4-11build1)
python-cheetah (2.4.4-3ubuntu1)
python-feedparser (5.1.2-1ubuntu1)
python-support (1.0.15)
python-utidylib (0.2-8build1)
python-yenc (0.3+debian-2ubuntu3)
sabnzbdplus (0.7.3-1)
sabnzbdplus-theme-classic (0.7.3-1)
sabnzbdplus-theme-plush (0.7.3-1)
sabnzbdplus-theme-smpl (0.7.3-1)
unrar (1:4.1.4-1)
wwwconfig-common (0.2.2)
