mountall: Event failed
 * Stopping Userspace bootsplash[234G[ OK ]
 * Starting configure network device security[234G[ OK ]
 * Starting configure network device security[234G[ OK ]
 * Starting configure network device security[234G[ OK ]
 * Starting mDNS/DNS-SD daemon[234G[ OK ]
 * Starting configure network device[234G[ OK ]
 * Starting configure network device[234G[ OK ]
 * Starting Mount network filesystems[234G[ OK ]
 * Starting Failsafe Boot Delay[234G[ OK ]
 * Stopping Mount network filesystems[234G[ OK ]
 * Starting configure network device[234G[ OK ]
 * Starting Bridge socket events into upstart[234G[ OK ]
 * Starting configure network device security[234G[ OK ]
 * Stopping cold plug devices[234G[ OK ]
 * Stopping log initial device creation[234G[ OK ]
 * Starting configure network device security[234G[ OK ]
 * Starting save udev log and update rules[234G[ OK ]
 * Stopping save udev log and update rules[234G[ OK ]
 * Starting configure virtual network devices[234G[ OK ]
 * Stopping OpenSSH server[234G[ OK ]
 * Starting OpenSSH server[234G[ OK ]
 * Starting Mount network filesystems[234G[ OK ]
 * Starting configure network device[234G[ OK ]
 * Stopping Mount network filesystems[234G[ OK ]
 * Stopping Failsafe Boot Delay[234G[ OK ]
 * Starting System V initialisation compatibility[234G[ OK ]
 * Stopping System V initialisation compatibility[234G[ OK ]
 * Starting System V runlevel compatibility[234G[ OK ]
 * Starting [234G[ OK ]
 * Starting [234G[ OK ]
 * Starting [234G[ OK ]
 * Starting [234G[ OK ]
 * Starting save kernel messages[234G[ OK ]
 * Starting [234G[ OK ]
 * Starting anac(h)ronistic cron[234G[ OK ]
 * Starting regular background program processing daemon[234G[ OK ]
 * Stopping System V runlevel compatibility[234G[ OK ]
 * Starting [234G[ OK ]
