2013-01-07 14:06:33 startup archives unpack
2013-01-07 14:06:34 install pdmenu:armhf <none> 1.3.2
2013-01-07 14:06:34 status half-installed pdmenu:armhf 1.3.2
2013-01-07 14:06:35 status unpacked pdmenu:armhf 1.3.2
2013-01-07 14:06:35 status unpacked pdmenu:armhf 1.3.2
2013-01-07 14:06:37 startup packages configure
2013-01-07 14:06:37 configure pdmenu:armhf 1.3.2 <none>
2013-01-07 14:06:37 status unpacked pdmenu:armhf 1.3.2
2013-01-07 14:06:37 status unpacked pdmenu:armhf 1.3.2
2013-01-07 14:06:37 status unpacked pdmenu:armhf 1.3.2
2013-01-07 14:06:37 status unpacked pdmenu:armhf 1.3.2
2013-01-07 14:06:37 status unpacked pdmenu:armhf 1.3.2
2013-01-07 14:06:37 status half-configured pdmenu:armhf 1.3.2
2013-01-07 14:06:37 status installed pdmenu:armhf 1.3.2
2013-01-07 14:07:31 startup archives unpack
2013-01-07 14:07:31 upgrade libdconf1:armhf 0.14.0-0ubuntu2 0.14.1-0ubuntu0.1
2013-01-07 14:07:31 status half-configured libdconf1:armhf 0.14.0-0ubuntu2
2013-01-07 14:07:31 status unpacked libdconf1:armhf 0.14.0-0ubuntu2
2013-01-07 14:07:31 status half-installed libdconf1:armhf 0.14.0-0ubuntu2
2013-01-07 14:07:32 status half-installed libdconf1:armhf 0.14.0-0ubuntu2
2013-01-07 14:07:32 status unpacked libdconf1:armhf 0.14.1-0ubuntu0.1
2013-01-07 14:07:32 status unpacked libdconf1:armhf 0.14.1-0ubuntu0.1
2013-01-07 14:07:33 upgrade dconf-gsettings-backend:armhf 0.14.0-0ubuntu2 0.14.1-0ubuntu0.1
2013-01-07 14:07:33 status half-configured dconf-gsettings-backend:armhf 0.14.0-0ubuntu2
2013-01-07 14:07:33 status unpacked dconf-gsettings-backend:armhf 0.14.0-0ubuntu2
2013-01-07 14:07:33 status half-installed dconf-gsettings-backend:armhf 0.14.0-0ubuntu2
2013-01-07 14:07:33 status triggers-pending libglib2.0-0:armhf 2.34.0-1ubuntu1
2013-01-07 14:07:33 status half-installed dconf-gsettings-backend:armhf 0.14.0-0ubuntu2
2013-01-07 14:07:33 status half-installed dconf-gsettings-backend:armhf 0.14.0-0ubuntu2
2013-01-07 14:07:33 status unpacked dconf-gsettings-backend:armhf 0.14.1-0ubuntu0.1
2013-01-07 14:07:33 status unpacked dconf-gsettings-backend:armhf 0.14.1-0ubuntu0.1
2013-01-07 14:07:33 upgrade dconf-service:armhf 0.14.0-0ubuntu2 0.14.1-0ubuntu0.1
2013-01-07 14:07:33 status half-configured dconf-service:armhf 0.14.0-0ubuntu2
2013-01-07 14:07:33 status unpacked dconf-service:armhf 0.14.0-0ubuntu2
2013-01-07 14:07:33 status half-installed dconf-service:armhf 0.14.0-0ubuntu2
2013-01-07 14:07:33 status half-installed dconf-service:armhf 0.14.0-0ubuntu2
2013-01-07 14:07:33 status unpacked dconf-service:armhf 0.14.1-0ubuntu0.1
2013-01-07 14:07:33 status unpacked dconf-service:armhf 0.14.1-0ubuntu0.1
2013-01-07 14:07:34 upgrade libglib2.0-0:armhf 2.34.0-1ubuntu1 2.34.1-1ubuntu1
2013-01-07 14:07:34 status half-configured libglib2.0-0:armhf 2.34.0-1ubuntu1
2013-01-07 14:07:34 status unpacked libglib2.0-0:armhf 2.34.0-1ubuntu1
2013-01-07 14:07:34 status half-installed libglib2.0-0:armhf 2.34.0-1ubuntu1
2013-01-07 14:07:35 status half-installed libglib2.0-0:armhf 2.34.0-1ubuntu1
2013-01-07 14:07:36 status unpacked libglib2.0-0:armhf 2.34.1-1ubuntu1
2013-01-07 14:07:36 status unpacked libglib2.0-0:armhf 2.34.1-1ubuntu1
2013-01-07 14:07:36 upgrade mountall:armhf 2.42ubuntu0.2 2.42ubuntu0.3
2013-01-07 14:07:36 status half-configured mountall:armhf 2.42ubuntu0.2
2013-01-07 14:07:36 status unpacked mountall:armhf 2.42ubuntu0.2
2013-01-07 14:07:36 status half-installed mountall:armhf 2.42ubuntu0.2
2013-01-07 14:07:36 status triggers-pending ureadahead:armhf 0.100.0-12build1
2013-01-07 14:07:36 status half-installed mountall:armhf 2.42ubuntu0.2
2013-01-07 14:07:37 status half-installed mountall:armhf 2.42ubuntu0.2
2013-01-07 14:07:37 status unpacked mountall:armhf 2.42ubuntu0.3
2013-01-07 14:07:37 status unpacked mountall:armhf 2.42ubuntu0.3
2013-01-07 14:07:37 upgrade liblxc0:armhf 0.8.0~rc1-4ubuntu38 0.8.0~rc1-4ubuntu39
2013-01-07 14:07:37 status half-configured liblxc0:armhf 0.8.0~rc1-4ubuntu38
2013-01-07 14:07:37 status unpacked liblxc0:armhf 0.8.0~rc1-4ubuntu38
2013-01-07 14:07:37 status half-installed liblxc0:armhf 0.8.0~rc1-4ubuntu38
2013-01-07 14:07:37 status half-installed liblxc0:armhf 0.8.0~rc1-4ubuntu38
2013-01-07 14:07:37 status unpacked liblxc0:armhf 0.8.0~rc1-4ubuntu39
2013-01-07 14:07:37 status unpacked liblxc0:armhf 0.8.0~rc1-4ubuntu39
2013-01-07 14:07:38 upgrade libglib2.0-data:all 2.34.0-1ubuntu1 2.34.1-1ubuntu1
2013-01-07 14:07:38 status half-configured libglib2.0-data:all 2.34.0-1ubuntu1
2013-01-07 14:07:38 status unpacked libglib2.0-data:all 2.34.0-1ubuntu1
2013-01-07 14:07:38 status half-installed libglib2.0-data:all 2.34.0-1ubuntu1
2013-01-07 14:07:38 status half-installed libglib2.0-data:all 2.34.0-1ubuntu1
2013-01-07 14:07:38 status unpacked libglib2.0-data:all 2.34.1-1ubuntu1
2013-01-07 14:07:38 status unpacked libglib2.0-data:all 2.34.1-1ubuntu1
2013-01-07 14:07:38 upgrade linux-libc-dev:armhf 3.5.0-19.30 3.5.0-21.32
2013-01-07 14:07:38 status half-configured linux-libc-dev:armhf 3.5.0-19.30
2013-01-07 14:07:38 status unpacked linux-libc-dev:armhf 3.5.0-19.30
2013-01-07 14:07:38 status half-installed linux-libc-dev:armhf 3.5.0-19.30
2013-01-07 14:07:43 status half-installed linux-libc-dev:armhf 3.5.0-19.30
2013-01-07 14:07:43 status unpacked linux-libc-dev:armhf 3.5.0-21.32
2013-01-07 14:07:43 status unpacked linux-libc-dev:armhf 3.5.0-21.32
2013-01-07 14:07:43 upgrade rhythmbox-data:all 2.97-1ubuntu5 2.97-1ubuntu6.1
2013-01-07 14:07:43 status half-configured rhythmbox-data:all 2.97-1ubuntu5
2013-01-07 14:07:43 status unpacked rhythmbox-data:all 2.97-1ubuntu5
2013-01-07 14:07:43 status half-installed rhythmbox-data:all 2.97-1ubuntu5
2013-01-07 14:07:44 status half-installed rhythmbox-data:all 2.97-1ubuntu5
2013-01-07 14:07:44 status unpacked rhythmbox-data:all 2.97-1ubuntu6.1
2013-01-07 14:07:44 status unpacked rhythmbox-data:all 2.97-1ubuntu6.1
2013-01-07 14:07:44 trigproc ureadahead:armhf 0.100.0-12build1 0.100.0-12build1
2013-01-07 14:07:44 status half-configured ureadahead:armhf 0.100.0-12build1
2013-01-07 14:07:44 status installed ureadahead:armhf 0.100.0-12build1
2013-01-07 14:07:46 startup packages configure
2013-01-07 14:07:46 configure libglib2.0-0:armhf 2.34.1-1ubuntu1 <none>
2013-01-07 14:07:46 status unpacked libglib2.0-0:armhf 2.34.1-1ubuntu1
2013-01-07 14:07:46 status half-configured libglib2.0-0:armhf 2.34.1-1ubuntu1
2013-01-07 14:07:46 status installed libglib2.0-0:armhf 2.34.1-1ubuntu1
2013-01-07 14:07:46 status triggers-pending libc-bin:armhf 2.15-0ubuntu20
2013-01-07 14:07:46 configure libdconf1:armhf 0.14.1-0ubuntu0.1 <none>
2013-01-07 14:07:46 status unpacked libdconf1:armhf 0.14.1-0ubuntu0.1
2013-01-07 14:07:46 status half-configured libdconf1:armhf 0.14.1-0ubuntu0.1
2013-01-07 14:07:47 status installed libdconf1:armhf 0.14.1-0ubuntu0.1
2013-01-07 14:07:47 configure dconf-service:armhf 0.14.1-0ubuntu0.1 <none>
2013-01-07 14:07:47 status unpacked dconf-service:armhf 0.14.1-0ubuntu0.1
2013-01-07 14:07:47 status half-configured dconf-service:armhf 0.14.1-0ubuntu0.1
2013-01-07 14:07:47 status installed dconf-service:armhf 0.14.1-0ubuntu0.1
2013-01-07 14:07:47 configure dconf-gsettings-backend:armhf 0.14.1-0ubuntu0.1 <none>
2013-01-07 14:07:47 status unpacked dconf-gsettings-backend:armhf 0.14.1-0ubuntu0.1
2013-01-07 14:07:47 status half-configured dconf-gsettings-backend:armhf 0.14.1-0ubuntu0.1
2013-01-07 14:07:47 status installed dconf-gsettings-backend:armhf 0.14.1-0ubuntu0.1
2013-01-07 14:07:47 configure mountall:armhf 2.42ubuntu0.3 <none>
2013-01-07 14:07:47 status unpacked mountall:armhf 2.42ubuntu0.3
2013-01-07 14:07:47 status unpacked mountall:armhf 2.42ubuntu0.3
2013-01-07 14:07:47 status unpacked mountall:armhf 2.42ubuntu0.3
2013-01-07 14:07:47 status unpacked mountall:armhf 2.42ubuntu0.3
2013-01-07 14:07:47 status unpacked mountall:armhf 2.42ubuntu0.3
2013-01-07 14:07:47 status unpacked mountall:armhf 2.42ubuntu0.3
2013-01-07 14:07:47 status unpacked mountall:armhf 2.42ubuntu0.3
2013-01-07 14:07:47 status unpacked mountall:armhf 2.42ubuntu0.3
2013-01-07 14:07:47 status unpacked mountall:armhf 2.42ubuntu0.3
2013-01-07 14:07:47 status unpacked mountall:armhf 2.42ubuntu0.3
2013-01-07 14:07:47 status unpacked mountall:armhf 2.42ubuntu0.3
2013-01-07 14:07:47 status unpacked mountall:armhf 2.42ubuntu0.3
2013-01-07 14:07:47 status unpacked mountall:armhf 2.42ubuntu0.3
2013-01-07 14:07:47 status unpacked mountall:armhf 2.42ubuntu0.3
2013-01-07 14:07:47 status unpacked mountall:armhf 2.42ubuntu0.3
2013-01-07 14:07:47 status unpacked mountall:armhf 2.42ubuntu0.3
2013-01-07 14:07:47 status half-configured mountall:armhf 2.42ubuntu0.3
2013-01-07 14:07:47 status installed mountall:armhf 2.42ubuntu0.3
2013-01-07 14:07:47 configure liblxc0:armhf 0.8.0~rc1-4ubuntu39 <none>
2013-01-07 14:07:47 status unpacked liblxc0:armhf 0.8.0~rc1-4ubuntu39
2013-01-07 14:07:47 status half-configured liblxc0:armhf 0.8.0~rc1-4ubuntu39
2013-01-07 14:07:47 status installed liblxc0:armhf 0.8.0~rc1-4ubuntu39
2013-01-07 14:07:47 configure libglib2.0-data:all 2.34.1-1ubuntu1 <none>
2013-01-07 14:07:47 status unpacked libglib2.0-data:all 2.34.1-1ubuntu1
2013-01-07 14:07:47 status half-configured libglib2.0-data:all 2.34.1-1ubuntu1
2013-01-07 14:07:47 status installed libglib2.0-data:all 2.34.1-1ubuntu1
2013-01-07 14:07:47 configure linux-libc-dev:armhf 3.5.0-21.32 <none>
2013-01-07 14:07:47 status unpacked linux-libc-dev:armhf 3.5.0-21.32
2013-01-07 14:07:47 status half-configured linux-libc-dev:armhf 3.5.0-21.32
2013-01-07 14:07:47 status installed linux-libc-dev:armhf 3.5.0-21.32
2013-01-07 14:07:47 configure rhythmbox-data:all 2.97-1ubuntu6.1 <none>
2013-01-07 14:07:47 status unpacked rhythmbox-data:all 2.97-1ubuntu6.1
2013-01-07 14:07:47 status half-configured rhythmbox-data:all 2.97-1ubuntu6.1
2013-01-07 14:07:47 status installed rhythmbox-data:all 2.97-1ubuntu6.1
2013-01-07 14:07:47 trigproc libc-bin:armhf 2.15-0ubuntu20 <none>
2013-01-07 14:07:47 status half-configured libc-bin:armhf 2.15-0ubuntu20
2013-01-07 14:07:49 status installed libc-bin:armhf 2.15-0ubuntu20
2013-01-10 23:12:15 startup archives unpack
2013-01-10 23:12:16 upgrade gpgv:armhf 1.4.11-3ubuntu4 1.4.11-3ubuntu4.1
2013-01-10 23:12:16 status half-configured gpgv:armhf 1.4.11-3ubuntu4
2013-01-10 23:12:16 status unpacked gpgv:armhf 1.4.11-3ubuntu4
2013-01-10 23:12:16 status half-installed gpgv:armhf 1.4.11-3ubuntu4
2013-01-10 23:12:16 status half-installed gpgv:armhf 1.4.11-3ubuntu4
2013-01-10 23:12:16 status unpacked gpgv:armhf 1.4.11-3ubuntu4.1
2013-01-10 23:12:16 status unpacked gpgv:armhf 1.4.11-3ubuntu4.1
2013-01-10 23:12:17 startup packages configure
2013-01-10 23:12:17 configure gpgv:armhf 1.4.11-3ubuntu4.1 <none>
2013-01-10 23:12:17 status unpacked gpgv:armhf 1.4.11-3ubuntu4.1
2013-01-10 23:12:17 status half-configured gpgv:armhf 1.4.11-3ubuntu4.1
2013-01-10 23:12:17 status installed gpgv:armhf 1.4.11-3ubuntu4.1
2013-01-10 23:12:18 startup archives unpack
2013-01-10 23:12:18 upgrade gnupg:armhf 1.4.11-3ubuntu4 1.4.11-3ubuntu4.1
2013-01-10 23:12:18 status half-configured gnupg:armhf 1.4.11-3ubuntu4
2013-01-10 23:12:18 status unpacked gnupg:armhf 1.4.11-3ubuntu4
2013-01-10 23:12:18 status half-installed gnupg:armhf 1.4.11-3ubuntu4
2013-01-10 23:12:19 status triggers-pending install-info:armhf 4.13a.dfsg.1-10ubuntu2
2013-01-10 23:12:19 status half-installed gnupg:armhf 1.4.11-3ubuntu4
2013-01-10 23:12:19 status half-installed gnupg:armhf 1.4.11-3ubuntu4
2013-01-10 23:12:19 status unpacked gnupg:armhf 1.4.11-3ubuntu4.1
2013-01-10 23:12:19 status unpacked gnupg:armhf 1.4.11-3ubuntu4.1
2013-01-10 23:12:19 trigproc install-info:armhf 4.13a.dfsg.1-10ubuntu2 4.13a.dfsg.1-10ubuntu2
2013-01-10 23:12:19 status half-configured install-info:armhf 4.13a.dfsg.1-10ubuntu2
2013-01-10 23:12:20 status installed install-info:armhf 4.13a.dfsg.1-10ubuntu2
2013-01-10 23:12:21 startup packages configure
2013-01-10 23:12:21 configure gnupg:armhf 1.4.11-3ubuntu4.1 <none>
2013-01-10 23:12:21 status unpacked gnupg:armhf 1.4.11-3ubuntu4.1
2013-01-10 23:12:21 status half-configured gnupg:armhf 1.4.11-3ubuntu4.1
2013-01-10 23:12:21 status installed gnupg:armhf 1.4.11-3ubuntu4.1
2013-01-10 23:12:46 startup archives unpack
2013-01-10 23:12:47 install dialog:armhf <none> 1.1-20120215-2ubuntu1
2013-01-10 23:12:47 status half-installed dialog:armhf 1.1-20120215-2ubuntu1
2013-01-10 23:12:48 status unpacked dialog:armhf 1.1-20120215-2ubuntu1
2013-01-10 23:12:48 status unpacked dialog:armhf 1.1-20120215-2ubuntu1
2013-01-10 23:12:49 startup packages configure
2013-01-10 23:12:49 configure dialog:armhf 1.1-20120215-2ubuntu1 <none>
2013-01-10 23:12:49 status unpacked dialog:armhf 1.1-20120215-2ubuntu1
2013-01-10 23:12:49 status half-configured dialog:armhf 1.1-20120215-2ubuntu1
2013-01-10 23:12:49 status installed dialog:armhf 1.1-20120215-2ubuntu1
2013-01-10 23:14:23 startup archives unpack
2013-01-10 23:14:23 install xkb-data:all <none> 2.5-1ubuntu7
2013-01-10 23:14:23 status half-installed xkb-data:all 2.5-1ubuntu7
2013-01-10 23:14:24 status unpacked xkb-data:all 2.5-1ubuntu7
2013-01-10 23:14:24 status unpacked xkb-data:all 2.5-1ubuntu7
2013-01-10 23:14:25 install console-setup:all <none> 1.70ubuntu6
2013-01-10 23:14:25 status half-installed console-setup:all 1.70ubuntu6
2013-01-10 23:14:25 status triggers-pending ureadahead:armhf 0.100.0-12build1
2013-01-10 23:14:25 status half-installed console-setup:all 1.70ubuntu6
2013-01-10 23:14:25 status triggers-pending ureadahead:armhf 0.100.0-12build1
2013-01-10 23:14:25 status unpacked console-setup:all 1.70ubuntu6
2013-01-10 23:14:25 status unpacked console-setup:all 1.70ubuntu6
2013-01-10 23:14:25 install kbd:armhf <none> 1.15.3-9ubuntu1
2013-01-10 23:14:25 status half-installed kbd:armhf 1.15.3-9ubuntu1
2013-01-10 23:14:26 status unpacked kbd:armhf 1.15.3-9ubuntu1
2013-01-10 23:14:26 status unpacked kbd:armhf 1.15.3-9ubuntu1
2013-01-10 23:14:26 install ntpdate:armhf <none> 1:4.2.6.p3+dfsg-1ubuntu5
2013-01-10 23:14:26 status half-installed ntpdate:armhf 1:4.2.6.p3+dfsg-1ubuntu5
2013-01-10 23:14:26 status unpacked ntpdate:armhf 1:4.2.6.p3+dfsg-1ubuntu5
2013-01-10 23:14:26 status unpacked ntpdate:armhf 1:4.2.6.p3+dfsg-1ubuntu5
2013-01-10 23:14:27 install libroken18-heimdal:armhf <none> 1.6~git20120403+dfsg1-2
2013-01-10 23:14:27 status half-installed libroken18-heimdal:armhf 1.6~git20120403+dfsg1-2
2013-01-10 23:14:27 status unpacked libroken18-heimdal:armhf 1.6~git20120403+dfsg1-2
2013-01-10 23:14:27 status unpacked libroken18-heimdal:armhf 1.6~git20120403+dfsg1-2
2013-01-10 23:14:27 install libasn1-8-heimdal:armhf <none> 1.6~git20120403+dfsg1-2
2013-01-10 23:14:27 status half-installed libasn1-8-heimdal:armhf 1.6~git20120403+dfsg1-2
2013-01-10 23:14:27 status unpacked libasn1-8-heimdal:armhf 1.6~git20120403+dfsg1-2
2013-01-10 23:14:27 status unpacked libasn1-8-heimdal:armhf 1.6~git20120403+dfsg1-2
2013-01-10 23:14:27 install libgcrypt11:armhf <none> 1.5.0-3ubuntu1
2013-01-10 23:14:27 status half-installed libgcrypt11:armhf 1.5.0-3ubuntu1
2013-01-10 23:14:27 status unpacked libgcrypt11:armhf 1.5.0-3ubuntu1
2013-01-10 23:14:27 status unpacked libgcrypt11:armhf 1.5.0-3ubuntu1
2013-01-10 23:14:28 install libp11-kit0:armhf <none> 0.13-1
2013-01-10 23:14:28 status half-installed libp11-kit0:armhf 0.13-1
2013-01-10 23:14:28 status unpacked libp11-kit0:armhf 0.13-1
2013-01-10 23:14:28 status unpacked libp11-kit0:armhf 0.13-1
2013-01-10 23:14:28 install libtasn1-3:armhf <none> 2.13-2
2013-01-10 23:14:28 status half-installed libtasn1-3:armhf 2.13-2
2013-01-10 23:14:28 status unpacked libtasn1-3:armhf 2.13-2
2013-01-10 23:14:28 status unpacked libtasn1-3:armhf 2.13-2
2013-01-10 23:14:28 install libgnutls26:armhf <none> 2.12.14-5ubuntu4
2013-01-10 23:14:28 status half-installed libgnutls26:armhf 2.12.14-5ubuntu4
2013-01-10 23:14:29 status unpacked libgnutls26:armhf 2.12.14-5ubuntu4
2013-01-10 23:14:29 status unpacked libgnutls26:armhf 2.12.14-5ubuntu4
2013-01-10 23:14:29 install libhcrypto4-heimdal:armhf <none> 1.6~git20120403+dfsg1-2
2013-01-10 23:14:29 status half-installed libhcrypto4-heimdal:armhf 1.6~git20120403+dfsg1-2
2013-01-10 23:14:29 status unpacked libhcrypto4-heimdal:armhf 1.6~git20120403+dfsg1-2
2013-01-10 23:14:29 status unpacked libhcrypto4-heimdal:armhf 1.6~git20120403+dfsg1-2
2013-01-10 23:14:29 install libheimbase1-heimdal:armhf <none> 1.6~git20120403+dfsg1-2
2013-01-10 23:14:29 status half-installed libheimbase1-heimdal:armhf 1.6~git20120403+dfsg1-2
2013-01-10 23:14:29 status unpacked libheimbase1-heimdal:armhf 1.6~git20120403+dfsg1-2
2013-01-10 23:14:29 status unpacked libheimbase1-heimdal:armhf 1.6~git20120403+dfsg1-2
2013-01-10 23:14:29 install libwind0-heimdal:armhf <none> 1.6~git20120403+dfsg1-2
2013-01-10 23:14:29 status half-installed libwind0-heimdal:armhf 1.6~git20120403+dfsg1-2
2013-01-10 23:14:30 status unpacked libwind0-heimdal:armhf 1.6~git20120403+dfsg1-2
2013-01-10 23:14:30 status unpacked libwind0-heimdal:armhf 1.6~git20120403+dfsg1-2
2013-01-10 23:14:30 install libhx509-5-heimdal:armhf <none> 1.6~git20120403+dfsg1-2
2013-01-10 23:14:30 status half-installed libhx509-5-heimdal:armhf 1.6~git20120403+dfsg1-2
2013-01-10 23:14:30 status unpacked libhx509-5-heimdal:armhf 1.6~git20120403+dfsg1-2
2013-01-10 23:14:30 status unpacked libhx509-5-heimdal:armhf 1.6~git20120403+dfsg1-2
2013-01-10 23:14:32 install libkrb5-26-heimdal:armhf <none> 1.6~git20120403+dfsg1-2
2013-01-10 23:14:32 status half-installed libkrb5-26-heimdal:armhf 1.6~git20120403+dfsg1-2
2013-01-10 23:14:40 status unpacked libkrb5-26-heimdal:armhf 1.6~git20120403+dfsg1-2
2013-01-10 23:14:40 status unpacked libkrb5-26-heimdal:armhf 1.6~git20120403+dfsg1-2
2013-01-10 23:14:40 install libheimntlm0-heimdal:armhf <none> 1.6~git20120403+dfsg1-2
2013-01-10 23:14:40 status half-installed libheimntlm0-heimdal:armhf 1.6~git20120403+dfsg1-2
2013-01-10 23:14:40 status unpacked libheimntlm0-heimdal:armhf 1.6~git20120403+dfsg1-2
2013-01-10 23:14:40 status unpacked libheimntlm0-heimdal:armhf 1.6~git20120403+dfsg1-2
2013-01-10 23:14:40 install libgssapi3-heimdal:armhf <none> 1.6~git20120403+dfsg1-2
2013-01-10 23:14:40 status half-installed libgssapi3-heimdal:armhf 1.6~git20120403+dfsg1-2
2013-01-10 23:14:41 status unpacked libgssapi3-heimdal:armhf 1.6~git20120403+dfsg1-2
2013-01-10 23:14:41 status unpacked libgssapi3-heimdal:armhf 1.6~git20120403+dfsg1-2
2013-01-10 23:14:41 install libsasl2-2:armhf <none> 2.1.25.dfsg1-5
2013-01-10 23:14:41 status half-installed libsasl2-2:armhf 2.1.25.dfsg1-5
2013-01-10 23:14:42 status unpacked libsasl2-2:armhf 2.1.25.dfsg1-5
2013-01-10 23:14:42 status unpacked libsasl2-2:armhf 2.1.25.dfsg1-5
2013-01-10 23:14:42 install libldap-2.4-2:armhf <none> 2.4.31-1ubuntu2
2013-01-10 23:14:42 status half-installed libldap-2.4-2:armhf 2.4.31-1ubuntu2
2013-01-10 23:14:42 status unpacked libldap-2.4-2:armhf 2.4.31-1ubuntu2
2013-01-10 23:14:42 status unpacked libldap-2.4-2:armhf 2.4.31-1ubuntu2
2013-01-10 23:14:44 install libusb-1.0-0:armhf <none> 2:1.0.12-2
2013-01-10 23:14:44 status half-installed libusb-1.0-0:armhf 2:1.0.12-2
2013-01-10 23:14:44 status unpacked libusb-1.0-0:armhf 2:1.0.12-2
2013-01-10 23:14:44 status unpacked libusb-1.0-0:armhf 2:1.0.12-2
2013-01-10 23:14:44 install libxau6:armhf <none> 1:1.0.7-1
2013-01-10 23:14:44 status half-installed libxau6:armhf 1:1.0.7-1
2013-01-10 23:14:44 status unpacked libxau6:armhf 1:1.0.7-1
2013-01-10 23:14:44 status unpacked libxau6:armhf 1:1.0.7-1
2013-01-10 23:14:44 install libxdmcp6:armhf <none> 1:1.1.1-1
2013-01-10 23:14:44 status half-installed libxdmcp6:armhf 1:1.1.1-1
2013-01-10 23:14:45 status unpacked libxdmcp6:armhf 1:1.1.1-1
2013-01-10 23:14:45 status unpacked libxdmcp6:armhf 1:1.1.1-1
2013-01-10 23:14:47 install libxcb1:armhf <none> 1.8.1-1ubuntu1
2013-01-10 23:14:47 status half-installed libxcb1:armhf 1.8.1-1ubuntu1
2013-01-10 23:14:48 status unpacked libxcb1:armhf 1.8.1-1ubuntu1
2013-01-10 23:14:48 status unpacked libxcb1:armhf 1.8.1-1ubuntu1
2013-01-10 23:14:49 install console-data:all <none> 2:1.12-2
2013-01-10 23:14:49 status half-installed console-data:all 2:1.12-2
2013-01-10 23:14:53 status unpacked console-data:all 2:1.12-2
2013-01-10 23:14:53 status unpacked console-data:all 2:1.12-2
2013-01-10 23:14:55 install console-common:all <none> 0.7.87
2013-01-10 23:14:55 status half-installed console-common:all 0.7.87
2013-01-10 23:14:56 status half-installed console-common:all 0.7.87
2013-01-10 23:14:56 status unpacked console-common:all 0.7.87
2013-01-10 23:14:56 status unpacked console-common:all 0.7.87
2013-01-10 23:14:57 install libjack-jackd2-0:armhf <none> 1.9.8~dfsg.4+20120529git007cdc37-2ubuntu1
2013-01-10 23:14:57 status half-installed libjack-jackd2-0:armhf 1.9.8~dfsg.4+20120529git007cdc37-2ubuntu1
2013-01-10 23:14:57 status unpacked libjack-jackd2-0:armhf 1.9.8~dfsg.4+20120529git007cdc37-2ubuntu1
2013-01-10 23:14:57 status unpacked libjack-jackd2-0:armhf 1.9.8~dfsg.4+20120529git007cdc37-2ubuntu1
2013-01-10 23:14:57 install libportaudio2:armhf <none> 19+svn20111121-1build1
2013-01-10 23:14:57 status half-installed libportaudio2:armhf 19+svn20111121-1build1
2013-01-10 23:14:57 status unpacked libportaudio2:armhf 19+svn20111121-1build1
2013-01-10 23:14:57 status unpacked libportaudio2:armhf 19+svn20111121-1build1
2013-01-10 23:14:58 install libjson0:armhf <none> 0.10-1ubuntu1
2013-01-10 23:14:58 status half-installed libjson0:armhf 0.10-1ubuntu1
2013-01-10 23:14:58 status unpacked libjson0:armhf 0.10-1ubuntu1
2013-01-10 23:14:58 status unpacked libjson0:armhf 0.10-1ubuntu1
2013-01-10 23:14:58 install libogg0:armhf <none> 1.3.0-4
2013-01-10 23:14:58 status half-installed libogg0:armhf 1.3.0-4
2013-01-10 23:14:58 status unpacked libogg0:armhf 1.3.0-4
2013-01-10 23:14:59 status unpacked libogg0:armhf 1.3.0-4
2013-01-10 23:14:59 install libflac8:armhf <none> 1.2.1-6build1
2013-01-10 23:14:59 status half-installed libflac8:armhf 1.2.1-6build1
2013-01-10 23:14:59 status unpacked libflac8:armhf 1.2.1-6build1
2013-01-10 23:14:59 status unpacked libflac8:armhf 1.2.1-6build1
2013-01-10 23:14:59 install libvorbis0a:armhf <none> 1.3.2-1.3
2013-01-10 23:14:59 status half-installed libvorbis0a:armhf 1.3.2-1.3
2013-01-10 23:14:59 status unpacked libvorbis0a:armhf 1.3.2-1.3
2013-01-10 23:14:59 status unpacked libvorbis0a:armhf 1.3.2-1.3
2013-01-10 23:15:00 install libvorbisenc2:armhf <none> 1.3.2-1.3
2013-01-10 23:15:00 status half-installed libvorbisenc2:armhf 1.3.2-1.3
2013-01-10 23:15:01 status unpacked libvorbisenc2:armhf 1.3.2-1.3
2013-01-10 23:15:01 status unpacked libvorbisenc2:armhf 1.3.2-1.3
2013-01-10 23:15:02 install libsndfile1:armhf <none> 1.0.25-5
2013-01-10 23:15:02 status half-installed libsndfile1:armhf 1.0.25-5
2013-01-10 23:15:02 status unpacked libsndfile1:armhf 1.0.25-5
2013-01-10 23:15:02 status unpacked libsndfile1:armhf 1.0.25-5
2013-01-10 23:15:02 install libpulse0:armhf <none> 1:2.1-0ubuntu4
2013-01-10 23:15:02 status half-installed libpulse0:armhf 1:2.1-0ubuntu4
2013-01-10 23:15:02 status unpacked libpulse0:armhf 1:2.1-0ubuntu4
2013-01-10 23:15:02 status unpacked libpulse0:armhf 1:2.1-0ubuntu4
2013-01-10 23:15:02 install libsonic0:armhf <none> 0.1.17-1.1build1
2013-01-10 23:15:02 status half-installed libsonic0:armhf 0.1.17-1.1build1
2013-01-10 23:15:02 status unpacked libsonic0:armhf 0.1.17-1.1build1
2013-01-10 23:15:03 status unpacked libsonic0:armhf 0.1.17-1.1build1
2013-01-10 23:15:03 install espeak-data:armhf <none> 1.46.02-2ubuntu1
2013-01-10 23:15:03 status half-installed espeak-data:armhf 1.46.02-2ubuntu1
2013-01-10 23:15:07 status unpacked espeak-data:armhf 1.46.02-2ubuntu1
2013-01-10 23:15:07 status unpacked espeak-data:armhf 1.46.02-2ubuntu1
2013-01-10 23:15:09 install libespeak1:armhf <none> 1.46.02-2ubuntu1
2013-01-10 23:15:09 status half-installed libespeak1:armhf 1.46.02-2ubuntu1
2013-01-10 23:15:09 status unpacked libespeak1:armhf 1.46.02-2ubuntu1
2013-01-10 23:15:09 status unpacked libespeak1:armhf 1.46.02-2ubuntu1
2013-01-10 23:15:09 install liblua5.1-0:armhf <none> 5.1.5-4
2013-01-10 23:15:09 status half-installed liblua5.1-0:armhf 5.1.5-4
2013-01-10 23:15:11 status unpacked liblua5.1-0:armhf 5.1.5-4
2013-01-10 23:15:11 status unpacked liblua5.1-0:armhf 5.1.5-4
2013-01-10 23:15:11 install libtalloc2:armhf <none> 2.0.7+git20120207-1
2013-01-10 23:15:11 status half-installed libtalloc2:armhf 2.0.7+git20120207-1
2013-01-10 23:15:11 status unpacked libtalloc2:armhf 2.0.7+git20120207-1
2013-01-10 23:15:11 status unpacked libtalloc2:armhf 2.0.7+git20120207-1
2013-01-10 23:15:11 install libtdb1:armhf <none> 1.2.10-2
2013-01-10 23:15:11 status half-installed libtdb1:armhf 1.2.10-2
2013-01-10 23:15:11 status unpacked libtdb1:armhf 1.2.10-2
2013-01-10 23:15:11 status unpacked libtdb1:armhf 1.2.10-2
2013-01-10 23:15:12 install libwbclient0:armhf <none> 2:3.6.6-3ubuntu5
2013-01-10 23:15:12 status half-installed libwbclient0:armhf 2:3.6.6-3ubuntu5
2013-01-10 23:15:12 status unpacked libwbclient0:armhf 2:3.6.6-3ubuntu5
2013-01-10 23:15:12 status unpacked libwbclient0:armhf 2:3.6.6-3ubuntu5
2013-01-10 23:15:12 install libyaml-0-2:armhf <none> 0.1.4-2build1
2013-01-10 23:15:12 status half-installed libyaml-0-2:armhf 0.1.4-2build1
2013-01-10 23:15:12 status unpacked libyaml-0-2:armhf 0.1.4-2build1
2013-01-10 23:15:12 status unpacked libyaml-0-2:armhf 0.1.4-2build1
2013-01-10 23:15:14 install libopts25:armhf <none> 1:5.12-0.1ubuntu2
2013-01-10 23:15:14 status half-installed libopts25:armhf 1:5.12-0.1ubuntu2
2013-01-10 23:15:14 status unpacked libopts25:armhf 1:5.12-0.1ubuntu2
2013-01-10 23:15:14 status unpacked libopts25:armhf 1:5.12-0.1ubuntu2
2013-01-10 23:15:15 install ntp:armhf <none> 1:4.2.6.p3+dfsg-1ubuntu5
2013-01-10 23:15:15 status half-installed ntp:armhf 1:4.2.6.p3+dfsg-1ubuntu5
2013-01-10 23:15:15 status half-installed ntp:armhf 1:4.2.6.p3+dfsg-1ubuntu5
2013-01-10 23:15:15 status unpacked ntp:armhf 1:4.2.6.p3+dfsg-1ubuntu5
2013-01-10 23:15:15 status unpacked ntp:armhf 1:4.2.6.p3+dfsg-1ubuntu5
2013-01-10 23:15:16 install samba-common:all <none> 2:3.6.6-3ubuntu5
2013-01-10 23:15:16 status half-installed samba-common:all 2:3.6.6-3ubuntu5
2013-01-10 23:15:18 status unpacked samba-common:all 2:3.6.6-3ubuntu5
2013-01-10 23:15:18 status unpacked samba-common:all 2:3.6.6-3ubuntu5
2013-01-10 23:15:18 install samba-common-bin:armhf <none> 2:3.6.6-3ubuntu5
2013-01-10 23:15:18 status half-installed samba-common-bin:armhf 2:3.6.6-3ubuntu5
2013-01-10 23:15:25 status unpacked samba-common-bin:armhf 2:3.6.6-3ubuntu5
2013-01-10 23:15:25 status unpacked samba-common-bin:armhf 2:3.6.6-3ubuntu5
2013-01-10 23:15:25 install libsasl2-modules:armhf <none> 2.1.25.dfsg1-5
2013-01-10 23:15:25 status half-installed libsasl2-modules:armhf 2.1.25.dfsg1-5
2013-01-10 23:15:26 status unpacked libsasl2-modules:armhf 2.1.25.dfsg1-5
2013-01-10 23:15:26 status unpacked libsasl2-modules:armhf 2.1.25.dfsg1-5
2013-01-10 23:15:26 install lshw:armhf <none> 02.16-1
2013-01-10 23:15:26 status half-installed lshw:armhf 02.16-1
2013-01-10 23:15:26 status unpacked lshw:armhf 02.16-1
2013-01-10 23:15:26 status unpacked lshw:armhf 02.16-1
2013-01-10 23:15:26 install lsof:armhf <none> 4.86+dfsg-1ubuntu1
2013-01-10 23:15:26 status half-installed lsof:armhf 4.86+dfsg-1ubuntu1
2013-01-10 23:15:27 status unpacked lsof:armhf 4.86+dfsg-1ubuntu1
2013-01-10 23:15:27 status unpacked lsof:armhf 4.86+dfsg-1ubuntu1
2013-01-10 23:15:27 install usbutils:armhf <none> 1:005-3
2013-01-10 23:15:27 status half-installed usbutils:armhf 1:005-3
2013-01-10 23:15:28 status unpacked usbutils:armhf 1:005-3
2013-01-10 23:15:28 status unpacked usbutils:armhf 1:005-3
2013-01-10 23:15:28 install cifs-utils:armhf <none> 2:5.5-1ubuntu1
2013-01-10 23:15:28 status half-installed cifs-utils:armhf 2:5.5-1ubuntu1
2013-01-10 23:15:28 status unpacked cifs-utils:armhf 2:5.5-1ubuntu1
2013-01-10 23:15:28 status unpacked cifs-utils:armhf 2:5.5-1ubuntu1
2013-01-10 23:15:29 install espeak:armhf <none> 1.46.02-2ubuntu1
2013-01-10 23:15:29 status half-installed espeak:armhf 1.46.02-2ubuntu1
2013-01-10 23:15:29 status unpacked espeak:armhf 1.46.02-2ubuntu1
2013-01-10 23:15:29 status unpacked espeak:armhf 1.46.02-2ubuntu1
2013-01-10 23:15:29 install keyutils:armhf <none> 1.5.5-3
2013-01-10 23:15:29 status half-installed keyutils:armhf 1.5.5-3
2013-01-10 23:15:29 status unpacked keyutils:armhf 1.5.5-3
2013-01-10 23:15:29 status unpacked keyutils:armhf 1.5.5-3
2013-01-10 23:15:30 install libperl5.14:armhf <none> 5.14.2-13ubuntu0.1
2013-01-10 23:15:30 status half-installed libperl5.14:armhf 5.14.2-13ubuntu0.1
2013-01-10 23:15:30 status unpacked libperl5.14:armhf 5.14.2-13ubuntu0.1
2013-01-10 23:15:30 status unpacked libperl5.14:armhf 5.14.2-13ubuntu0.1
2013-01-10 23:15:30 install libpython2.7:armhf <none> 2.7.3-5ubuntu4
2013-01-10 23:15:30 status half-installed libpython2.7:armhf 2.7.3-5ubuntu4
2013-01-10 23:15:31 status unpacked libpython2.7:armhf 2.7.3-5ubuntu4
2013-01-10 23:15:31 status unpacked libpython2.7:armhf 2.7.3-5ubuntu4
2013-01-10 23:15:32 install libruby1.9.1:armhf <none> 1.9.3.194-1ubuntu1.2
2013-01-10 23:15:32 status half-installed libruby1.9.1:armhf 1.9.3.194-1ubuntu1.2
2013-01-10 23:15:37 status unpacked libruby1.9.1:armhf 1.9.3.194-1ubuntu1.2
2013-01-10 23:15:37 status unpacked libruby1.9.1:armhf 1.9.3.194-1ubuntu1.2
2013-01-10 23:15:37 install mysql-common:all <none> 5.5.28-0ubuntu0.12.10.2
2013-01-10 23:15:37 status half-installed mysql-common:all 5.5.28-0ubuntu0.12.10.2
2013-01-10 23:15:37 status unpacked mysql-common:all 5.5.28-0ubuntu0.12.10.2
2013-01-10 23:15:37 status unpacked mysql-common:all 5.5.28-0ubuntu0.12.10.2
2013-01-10 23:15:37 install tcl8.5:armhf <none> 8.5.11-2ubuntu1
2013-01-10 23:15:37 status half-installed tcl8.5:armhf 8.5.11-2ubuntu1
2013-01-10 23:15:38 status unpacked tcl8.5:armhf 8.5.11-2ubuntu1
2013-01-10 23:15:38 status unpacked tcl8.5:armhf 8.5.11-2ubuntu1
2013-01-10 23:15:38 install vim-runtime:all <none> 2:7.3.547-4ubuntu1.1
2013-01-10 23:15:38 status half-installed vim-runtime:all 2:7.3.547-4ubuntu1.1
2013-01-10 23:16:01 status unpacked vim-runtime:all 2:7.3.547-4ubuntu1.1
2013-01-10 23:16:01 status unpacked vim-runtime:all 2:7.3.547-4ubuntu1.1
2013-01-10 23:16:02 install vim-nox:armhf <none> 2:7.3.547-4ubuntu1.1
2013-01-10 23:16:02 status half-installed vim-nox:armhf 2:7.3.547-4ubuntu1.1
2013-01-10 23:16:02 status unpacked vim-nox:armhf 2:7.3.547-4ubuntu1.1
2013-01-10 23:16:02 status unpacked vim-nox:armhf 2:7.3.547-4ubuntu1.1
2013-01-10 23:16:02 trigproc ureadahead:armhf 0.100.0-12build1 0.100.0-12build1
2013-01-10 23:16:02 status half-configured ureadahead:armhf 0.100.0-12build1
2013-01-10 23:16:02 status installed ureadahead:armhf 0.100.0-12build1
2013-01-10 23:16:05 startup packages configure
2013-01-10 23:16:05 configure xkb-data:all 2.5-1ubuntu7 <none>
2013-01-10 23:16:05 status unpacked xkb-data:all 2.5-1ubuntu7
2013-01-10 23:16:05 status half-configured xkb-data:all 2.5-1ubuntu7
2013-01-10 23:16:05 status installed xkb-data:all 2.5-1ubuntu7
2013-01-10 23:16:05 configure ntpdate:armhf 1:4.2.6.p3+dfsg-1ubuntu5 <none>
2013-01-10 23:16:05 status unpacked ntpdate:armhf 1:4.2.6.p3+dfsg-1ubuntu5
2013-01-10 23:16:05 status unpacked ntpdate:armhf 1:4.2.6.p3+dfsg-1ubuntu5
2013-01-10 23:16:05 status unpacked ntpdate:armhf 1:4.2.6.p3+dfsg-1ubuntu5
2013-01-10 23:16:05 status unpacked ntpdate:armhf 1:4.2.6.p3+dfsg-1ubuntu5
2013-01-10 23:16:05 status unpacked ntpdate:armhf 1:4.2.6.p3+dfsg-1ubuntu5
2013-01-10 23:16:05 status half-configured ntpdate:armhf 1:4.2.6.p3+dfsg-1ubuntu5
2013-01-10 23:16:06 status installed ntpdate:armhf 1:4.2.6.p3+dfsg-1ubuntu5
2013-01-10 23:16:06 configure libroken18-heimdal:armhf 1.6~git20120403+dfsg1-2 <none>
2013-01-10 23:16:06 status unpacked libroken18-heimdal:armhf 1.6~git20120403+dfsg1-2
2013-01-10 23:16:06 status half-configured libroken18-heimdal:armhf 1.6~git20120403+dfsg1-2
2013-01-10 23:16:06 status installed libroken18-heimdal:armhf 1.6~git20120403+dfsg1-2
2013-01-10 23:16:06 status triggers-pending libc-bin:armhf 2.15-0ubuntu20
2013-01-10 23:16:06 configure libasn1-8-heimdal:armhf 1.6~git20120403+dfsg1-2 <none>
2013-01-10 23:16:06 status unpacked libasn1-8-heimdal:armhf 1.6~git20120403+dfsg1-2
2013-01-10 23:16:06 status half-configured libasn1-8-heimdal:armhf 1.6~git20120403+dfsg1-2
2013-01-10 23:16:06 status installed libasn1-8-heimdal:armhf 1.6~git20120403+dfsg1-2
2013-01-10 23:16:06 configure libgcrypt11:armhf 1.5.0-3ubuntu1 <none>
2013-01-10 23:16:06 status unpacked libgcrypt11:armhf 1.5.0-3ubuntu1
2013-01-10 23:16:06 status half-configured libgcrypt11:armhf 1.5.0-3ubuntu1
2013-01-10 23:16:06 status installed libgcrypt11:armhf 1.5.0-3ubuntu1
2013-01-10 23:16:06 configure libp11-kit0:armhf 0.13-1 <none>
2013-01-10 23:16:06 status unpacked libp11-kit0:armhf 0.13-1
2013-01-10 23:16:06 status half-configured libp11-kit0:armhf 0.13-1
2013-01-10 23:16:07 status installed libp11-kit0:armhf 0.13-1
2013-01-10 23:16:07 configure libtasn1-3:armhf 2.13-2 <none>
2013-01-10 23:16:07 status unpacked libtasn1-3:armhf 2.13-2
2013-01-10 23:16:07 status half-configured libtasn1-3:armhf 2.13-2
2013-01-10 23:16:07 status installed libtasn1-3:armhf 2.13-2
2013-01-10 23:16:07 configure libgnutls26:armhf 2.12.14-5ubuntu4 <none>
2013-01-10 23:16:07 status unpacked libgnutls26:armhf 2.12.14-5ubuntu4
2013-01-10 23:16:07 status half-configured libgnutls26:armhf 2.12.14-5ubuntu4
2013-01-10 23:16:07 status installed libgnutls26:armhf 2.12.14-5ubuntu4
2013-01-10 23:16:07 configure libhcrypto4-heimdal:armhf 1.6~git20120403+dfsg1-2 <none>
2013-01-10 23:16:07 status unpacked libhcrypto4-heimdal:armhf 1.6~git20120403+dfsg1-2
2013-01-10 23:16:07 status half-configured libhcrypto4-heimdal:armhf 1.6~git20120403+dfsg1-2
2013-01-10 23:16:07 status installed libhcrypto4-heimdal:armhf 1.6~git20120403+dfsg1-2
2013-01-10 23:16:07 configure libheimbase1-heimdal:armhf 1.6~git20120403+dfsg1-2 <none>
2013-01-10 23:16:07 status unpacked libheimbase1-heimdal:armhf 1.6~git20120403+dfsg1-2
2013-01-10 23:16:07 status half-configured libheimbase1-heimdal:armhf 1.6~git20120403+dfsg1-2
2013-01-10 23:16:07 status installed libheimbase1-heimdal:armhf 1.6~git20120403+dfsg1-2
2013-01-10 23:16:08 configure libwind0-heimdal:armhf 1.6~git20120403+dfsg1-2 <none>
2013-01-10 23:16:08 status unpacked libwind0-heimdal:armhf 1.6~git20120403+dfsg1-2
2013-01-10 23:16:08 status half-configured libwind0-heimdal:armhf 1.6~git20120403+dfsg1-2
2013-01-10 23:16:09 status installed libwind0-heimdal:armhf 1.6~git20120403+dfsg1-2
2013-01-10 23:16:09 configure libhx509-5-heimdal:armhf 1.6~git20120403+dfsg1-2 <none>
2013-01-10 23:16:09 status unpacked libhx509-5-heimdal:armhf 1.6~git20120403+dfsg1-2
2013-01-10 23:16:09 status half-configured libhx509-5-heimdal:armhf 1.6~git20120403+dfsg1-2
2013-01-10 23:16:09 status installed libhx509-5-heimdal:armhf 1.6~git20120403+dfsg1-2
2013-01-10 23:16:09 configure libkrb5-26-heimdal:armhf 1.6~git20120403+dfsg1-2 <none>
2013-01-10 23:16:09 status unpacked libkrb5-26-heimdal:armhf 1.6~git20120403+dfsg1-2
2013-01-10 23:16:09 status half-configured libkrb5-26-heimdal:armhf 1.6~git20120403+dfsg1-2
2013-01-10 23:16:09 status installed libkrb5-26-heimdal:armhf 1.6~git20120403+dfsg1-2
2013-01-10 23:16:09 configure libheimntlm0-heimdal:armhf 1.6~git20120403+dfsg1-2 <none>
2013-01-10 23:16:09 status unpacked libheimntlm0-heimdal:armhf 1.6~git20120403+dfsg1-2
2013-01-10 23:16:09 status half-configured libheimntlm0-heimdal:armhf 1.6~git20120403+dfsg1-2
2013-01-10 23:16:09 status installed libheimntlm0-heimdal:armhf 1.6~git20120403+dfsg1-2
2013-01-10 23:16:09 configure libgssapi3-heimdal:armhf 1.6~git20120403+dfsg1-2 <none>
2013-01-10 23:16:09 status unpacked libgssapi3-heimdal:armhf 1.6~git20120403+dfsg1-2
2013-01-10 23:16:09 status half-configured libgssapi3-heimdal:armhf 1.6~git20120403+dfsg1-2
2013-01-10 23:16:09 status installed libgssapi3-heimdal:armhf 1.6~git20120403+dfsg1-2
2013-01-10 23:16:09 configure libsasl2-2:armhf 2.1.25.dfsg1-5 <none>
2013-01-10 23:16:09 status unpacked libsasl2-2:armhf 2.1.25.dfsg1-5
2013-01-10 23:16:09 status half-configured libsasl2-2:armhf 2.1.25.dfsg1-5
2013-01-10 23:16:09 status installed libsasl2-2:armhf 2.1.25.dfsg1-5
2013-01-10 23:16:09 configure libldap-2.4-2:armhf 2.4.31-1ubuntu2 <none>
2013-01-10 23:16:09 status unpacked libldap-2.4-2:armhf 2.4.31-1ubuntu2
2013-01-10 23:16:10 status unpacked libldap-2.4-2:armhf 2.4.31-1ubuntu2
2013-01-10 23:16:10 status half-configured libldap-2.4-2:armhf 2.4.31-1ubuntu2
2013-01-10 23:16:10 status installed libldap-2.4-2:armhf 2.4.31-1ubuntu2
2013-01-10 23:16:10 configure libusb-1.0-0:armhf 2:1.0.12-2 <none>
2013-01-10 23:16:10 status unpacked libusb-1.0-0:armhf 2:1.0.12-2
2013-01-10 23:16:10 status half-configured libusb-1.0-0:armhf 2:1.0.12-2
2013-01-10 23:16:10 status installed libusb-1.0-0:armhf 2:1.0.12-2
2013-01-10 23:16:10 configure libxau6:armhf 1:1.0.7-1 <none>
2013-01-10 23:16:10 status unpacked libxau6:armhf 1:1.0.7-1
2013-01-10 23:16:10 status half-configured libxau6:armhf 1:1.0.7-1
2013-01-10 23:16:10 status installed libxau6:armhf 1:1.0.7-1
2013-01-10 23:16:10 configure libxdmcp6:armhf 1:1.1.1-1 <none>
2013-01-10 23:16:10 status unpacked libxdmcp6:armhf 1:1.1.1-1
2013-01-10 23:16:10 status half-configured libxdmcp6:armhf 1:1.1.1-1
2013-01-10 23:16:10 status installed libxdmcp6:armhf 1:1.1.1-1
2013-01-10 23:16:10 configure libxcb1:armhf 1.8.1-1ubuntu1 <none>
2013-01-10 23:16:10 status unpacked libxcb1:armhf 1.8.1-1ubuntu1
2013-01-10 23:16:10 status half-configured libxcb1:armhf 1.8.1-1ubuntu1
2013-01-10 23:16:10 status installed libxcb1:armhf 1.8.1-1ubuntu1
2013-01-10 23:16:10 configure console-data:all 2:1.12-2 <none>
2013-01-10 23:16:10 status unpacked console-data:all 2:1.12-2
2013-01-10 23:16:10 status half-configured console-data:all 2:1.12-2
2013-01-10 23:16:13 status installed console-data:all 2:1.12-2
2013-01-10 23:16:13 configure libjack-jackd2-0:armhf 1.9.8~dfsg.4+20120529git007cdc37-2ubuntu1 <none>
2013-01-10 23:16:13 status unpacked libjack-jackd2-0:armhf 1.9.8~dfsg.4+20120529git007cdc37-2ubuntu1
2013-01-10 23:16:13 status half-configured libjack-jackd2-0:armhf 1.9.8~dfsg.4+20120529git007cdc37-2ubuntu1
2013-01-10 23:16:13 status installed libjack-jackd2-0:armhf 1.9.8~dfsg.4+20120529git007cdc37-2ubuntu1
2013-01-10 23:16:13 configure libportaudio2:armhf 19+svn20111121-1build1 <none>
2013-01-10 23:16:13 status unpacked libportaudio2:armhf 19+svn20111121-1build1
2013-01-10 23:16:13 status half-configured libportaudio2:armhf 19+svn20111121-1build1
2013-01-10 23:16:13 status installed libportaudio2:armhf 19+svn20111121-1build1
2013-01-10 23:16:13 configure libjson0:armhf 0.10-1ubuntu1 <none>
2013-01-10 23:16:13 status unpacked libjson0:armhf 0.10-1ubuntu1
2013-01-10 23:16:13 status half-configured libjson0:armhf 0.10-1ubuntu1
2013-01-10 23:16:13 status installed libjson0:armhf 0.10-1ubuntu1
2013-01-10 23:16:13 configure libogg0:armhf 1.3.0-4 <none>
2013-01-10 23:16:13 status unpacked libogg0:armhf 1.3.0-4
2013-01-10 23:16:13 status half-configured libogg0:armhf 1.3.0-4
2013-01-10 23:16:13 status installed libogg0:armhf 1.3.0-4
2013-01-10 23:16:13 configure libflac8:armhf 1.2.1-6build1 <none>
2013-01-10 23:16:13 status unpacked libflac8:armhf 1.2.1-6build1
2013-01-10 23:16:13 status half-configured libflac8:armhf 1.2.1-6build1
2013-01-10 23:16:13 status installed libflac8:armhf 1.2.1-6build1
2013-01-10 23:16:13 configure libvorbis0a:armhf 1.3.2-1.3 <none>
2013-01-10 23:16:13 status unpacked libvorbis0a:armhf 1.3.2-1.3
2013-01-10 23:16:13 status half-configured libvorbis0a:armhf 1.3.2-1.3
2013-01-10 23:16:13 status installed libvorbis0a:armhf 1.3.2-1.3
2013-01-10 23:16:13 configure libvorbisenc2:armhf 1.3.2-1.3 <none>
2013-01-10 23:16:13 status unpacked libvorbisenc2:armhf 1.3.2-1.3
2013-01-10 23:16:13 status half-configured libvorbisenc2:armhf 1.3.2-1.3
2013-01-10 23:16:14 status installed libvorbisenc2:armhf 1.3.2-1.3
2013-01-10 23:16:14 configure libsndfile1:armhf 1.0.25-5 <none>
2013-01-10 23:16:14 status unpacked libsndfile1:armhf 1.0.25-5
2013-01-10 23:16:14 status half-configured libsndfile1:armhf 1.0.25-5
2013-01-10 23:16:14 status installed libsndfile1:armhf 1.0.25-5
2013-01-10 23:16:14 configure libpulse0:armhf 1:2.1-0ubuntu4 <none>
2013-01-10 23:16:14 status unpacked libpulse0:armhf 1:2.1-0ubuntu4
2013-01-10 23:16:14 status unpacked libpulse0:armhf 1:2.1-0ubuntu4
2013-01-10 23:16:14 status half-configured libpulse0:armhf 1:2.1-0ubuntu4
2013-01-10 23:16:14 status installed libpulse0:armhf 1:2.1-0ubuntu4
2013-01-10 23:16:14 configure libsonic0:armhf 0.1.17-1.1build1 <none>
2013-01-10 23:16:14 status unpacked libsonic0:armhf 0.1.17-1.1build1
2013-01-10 23:16:14 status half-configured libsonic0:armhf 0.1.17-1.1build1
2013-01-10 23:16:14 status installed libsonic0:armhf 0.1.17-1.1build1
2013-01-10 23:16:14 configure espeak-data:armhf 1.46.02-2ubuntu1 <none>
2013-01-10 23:16:14 status unpacked espeak-data:armhf 1.46.02-2ubuntu1
2013-01-10 23:16:14 status half-configured espeak-data:armhf 1.46.02-2ubuntu1
2013-01-10 23:16:14 status installed espeak-data:armhf 1.46.02-2ubuntu1
2013-01-10 23:16:14 configure libespeak1:armhf 1.46.02-2ubuntu1 <none>
2013-01-10 23:16:14 status unpacked libespeak1:armhf 1.46.02-2ubuntu1
2013-01-10 23:16:14 status half-configured libespeak1:armhf 1.46.02-2ubuntu1
2013-01-10 23:16:14 status installed libespeak1:armhf 1.46.02-2ubuntu1
2013-01-10 23:16:14 configure liblua5.1-0:armhf 5.1.5-4 <none>
2013-01-10 23:16:14 status unpacked liblua5.1-0:armhf 5.1.5-4
2013-01-10 23:16:14 status half-configured liblua5.1-0:armhf 5.1.5-4
2013-01-10 23:16:14 status installed liblua5.1-0:armhf 5.1.5-4
2013-01-10 23:16:14 configure libtalloc2:armhf 2.0.7+git20120207-1 <none>
2013-01-10 23:16:14 status unpacked libtalloc2:armhf 2.0.7+git20120207-1
2013-01-10 23:16:14 status half-configured libtalloc2:armhf 2.0.7+git20120207-1
2013-01-10 23:16:14 status installed libtalloc2:armhf 2.0.7+git20120207-1
2013-01-10 23:16:14 configure libtdb1:armhf 1.2.10-2 <none>
2013-01-10 23:16:14 status unpacked libtdb1:armhf 1.2.10-2
2013-01-10 23:16:15 status half-configured libtdb1:armhf 1.2.10-2
2013-01-10 23:16:15 status installed libtdb1:armhf 1.2.10-2
2013-01-10 23:16:15 configure libwbclient0:armhf 2:3.6.6-3ubuntu5 <none>
2013-01-10 23:16:15 status unpacked libwbclient0:armhf 2:3.6.6-3ubuntu5
2013-01-10 23:16:15 status half-configured libwbclient0:armhf 2:3.6.6-3ubuntu5
2013-01-10 23:16:15 status installed libwbclient0:armhf 2:3.6.6-3ubuntu5
2013-01-10 23:16:15 configure libyaml-0-2:armhf 0.1.4-2build1 <none>
2013-01-10 23:16:15 status unpacked libyaml-0-2:armhf 0.1.4-2build1
2013-01-10 23:16:15 status half-configured libyaml-0-2:armhf 0.1.4-2build1
2013-01-10 23:16:15 status installed libyaml-0-2:armhf 0.1.4-2build1
2013-01-10 23:16:15 configure libopts25:armhf 1:5.12-0.1ubuntu2 <none>
2013-01-10 23:16:15 status unpacked libopts25:armhf 1:5.12-0.1ubuntu2
2013-01-10 23:16:15 status half-configured libopts25:armhf 1:5.12-0.1ubuntu2
2013-01-10 23:16:15 status installed libopts25:armhf 1:5.12-0.1ubuntu2
2013-01-10 23:16:15 configure ntp:armhf 1:4.2.6.p3+dfsg-1ubuntu5 <none>
2013-01-10 23:16:15 status unpacked ntp:armhf 1:4.2.6.p3+dfsg-1ubuntu5
2013-01-10 23:16:15 status unpacked ntp:armhf 1:4.2.6.p3+dfsg-1ubuntu5
2013-01-10 23:16:15 status unpacked ntp:armhf 1:4.2.6.p3+dfsg-1ubuntu5
2013-01-10 23:16:15 status triggers-pending ureadahead:armhf 0.100.0-12build1
2013-01-10 23:16:15 status unpacked ntp:armhf 1:4.2.6.p3+dfsg-1ubuntu5
2013-01-10 23:16:15 status unpacked ntp:armhf 1:4.2.6.p3+dfsg-1ubuntu5
2013-01-10 23:16:15 status unpacked ntp:armhf 1:4.2.6.p3+dfsg-1ubuntu5
2013-01-10 23:16:15 status unpacked ntp:armhf 1:4.2.6.p3+dfsg-1ubuntu5
2013-01-10 23:16:15 status unpacked ntp:armhf 1:4.2.6.p3+dfsg-1ubuntu5
2013-01-10 23:16:15 status unpacked ntp:armhf 1:4.2.6.p3+dfsg-1ubuntu5
2013-01-10 23:16:15 status half-configured ntp:armhf 1:4.2.6.p3+dfsg-1ubuntu5
2013-01-10 23:16:16 status triggers-awaited ntp:armhf 1:4.2.6.p3+dfsg-1ubuntu5
2013-01-10 23:16:16 configure samba-common:all 2:3.6.6-3ubuntu5 <none>
2013-01-10 23:16:16 status unpacked samba-common:all 2:3.6.6-3ubuntu5
2013-01-10 23:16:16 status unpacked samba-common:all 2:3.6.6-3ubuntu5
2013-01-10 23:16:16 status unpacked samba-common:all 2:3.6.6-3ubuntu5
2013-01-10 23:16:16 status unpacked samba-common:all 2:3.6.6-3ubuntu5
2013-01-10 23:16:16 status half-configured samba-common:all 2:3.6.6-3ubuntu5
2013-01-10 23:16:19 status installed samba-common:all 2:3.6.6-3ubuntu5
2013-01-10 23:16:19 configure samba-common-bin:armhf 2:3.6.6-3ubuntu5 <none>
2013-01-10 23:16:19 status unpacked samba-common-bin:armhf 2:3.6.6-3ubuntu5
2013-01-10 23:16:19 status half-configured samba-common-bin:armhf 2:3.6.6-3ubuntu5
2013-01-10 23:16:20 status installed samba-common-bin:armhf 2:3.6.6-3ubuntu5
2013-01-10 23:16:20 configure libsasl2-modules:armhf 2.1.25.dfsg1-5 <none>
2013-01-10 23:16:20 status unpacked libsasl2-modules:armhf 2.1.25.dfsg1-5
2013-01-10 23:16:20 status half-configured libsasl2-modules:armhf 2.1.25.dfsg1-5
2013-01-10 23:16:20 status installed libsasl2-modules:armhf 2.1.25.dfsg1-5
2013-01-10 23:16:20 configure lshw:armhf 02.16-1 <none>
2013-01-10 23:16:20 status unpacked lshw:armhf 02.16-1
2013-01-10 23:16:20 status half-configured lshw:armhf 02.16-1
2013-01-10 23:16:20 status installed lshw:armhf 02.16-1
2013-01-10 23:16:20 configure lsof:armhf 4.86+dfsg-1ubuntu1 <none>
2013-01-10 23:16:20 status unpacked lsof:armhf 4.86+dfsg-1ubuntu1
2013-01-10 23:16:20 status half-configured lsof:armhf 4.86+dfsg-1ubuntu1
2013-01-10 23:16:20 status installed lsof:armhf 4.86+dfsg-1ubuntu1
2013-01-10 23:16:20 configure usbutils:armhf 1:005-3 <none>
2013-01-10 23:16:20 status unpacked usbutils:armhf 1:005-3
2013-01-10 23:16:20 status half-configured usbutils:armhf 1:005-3
2013-01-10 23:16:20 status installed usbutils:armhf 1:005-3
2013-01-10 23:16:20 configure cifs-utils:armhf 2:5.5-1ubuntu1 <none>
2013-01-10 23:16:20 status unpacked cifs-utils:armhf 2:5.5-1ubuntu1
2013-01-10 23:16:20 status unpacked cifs-utils:armhf 2:5.5-1ubuntu1
2013-01-10 23:16:20 status unpacked cifs-utils:armhf 2:5.5-1ubuntu1
2013-01-10 23:16:20 status half-configured cifs-utils:armhf 2:5.5-1ubuntu1
2013-01-10 23:16:20 status installed cifs-utils:armhf 2:5.5-1ubuntu1
2013-01-10 23:16:20 configure espeak:armhf 1.46.02-2ubuntu1 <none>
2013-01-10 23:16:20 status unpacked espeak:armhf 1.46.02-2ubuntu1
2013-01-10 23:16:20 status half-configured espeak:armhf 1.46.02-2ubuntu1
2013-01-10 23:16:20 status installed espeak:armhf 1.46.02-2ubuntu1
2013-01-10 23:16:21 configure keyutils:armhf 1.5.5-3 <none>
2013-01-10 23:16:21 status unpacked keyutils:armhf 1.5.5-3
2013-01-10 23:16:21 status unpacked keyutils:armhf 1.5.5-3
2013-01-10 23:16:21 status half-configured keyutils:armhf 1.5.5-3
2013-01-10 23:16:21 status installed keyutils:armhf 1.5.5-3
2013-01-10 23:16:21 configure libperl5.14:armhf 5.14.2-13ubuntu0.1 <none>
2013-01-10 23:16:21 status unpacked libperl5.14:armhf 5.14.2-13ubuntu0.1
2013-01-10 23:16:21 status half-configured libperl5.14:armhf 5.14.2-13ubuntu0.1
2013-01-10 23:16:21 status installed libperl5.14:armhf 5.14.2-13ubuntu0.1
2013-01-10 23:16:21 configure libpython2.7:armhf 2.7.3-5ubuntu4 <none>
2013-01-10 23:16:21 status unpacked libpython2.7:armhf 2.7.3-5ubuntu4
2013-01-10 23:16:21 status half-configured libpython2.7:armhf 2.7.3-5ubuntu4
2013-01-10 23:16:21 status installed libpython2.7:armhf 2.7.3-5ubuntu4
2013-01-10 23:16:21 configure libruby1.9.1:armhf 1.9.3.194-1ubuntu1.2 <none>
2013-01-10 23:16:21 status unpacked libruby1.9.1:armhf 1.9.3.194-1ubuntu1.2
2013-01-10 23:16:21 status unpacked libruby1.9.1:armhf 1.9.3.194-1ubuntu1.2
2013-01-10 23:16:21 status half-configured libruby1.9.1:armhf 1.9.3.194-1ubuntu1.2
2013-01-10 23:16:22 status installed libruby1.9.1:armhf 1.9.3.194-1ubuntu1.2
2013-01-10 23:16:22 configure mysql-common:all 5.5.28-0ubuntu0.12.10.2 <none>
2013-01-10 23:16:22 status unpacked mysql-common:all 5.5.28-0ubuntu0.12.10.2
2013-01-10 23:16:22 status unpacked mysql-common:all 5.5.28-0ubuntu0.12.10.2
2013-01-10 23:16:22 status half-configured mysql-common:all 5.5.28-0ubuntu0.12.10.2
2013-01-10 23:16:22 status installed mysql-common:all 5.5.28-0ubuntu0.12.10.2
2013-01-10 23:16:22 configure tcl8.5:armhf 8.5.11-2ubuntu1 <none>
2013-01-10 23:16:22 status unpacked tcl8.5:armhf 8.5.11-2ubuntu1
2013-01-10 23:16:22 status half-configured tcl8.5:armhf 8.5.11-2ubuntu1
2013-01-10 23:16:25 status installed tcl8.5:armhf 8.5.11-2ubuntu1
2013-01-10 23:16:25 configure vim-runtime:all 2:7.3.547-4ubuntu1.1 <none>
2013-01-10 23:16:25 status unpacked vim-runtime:all 2:7.3.547-4ubuntu1.1
2013-01-10 23:16:25 status half-configured vim-runtime:all 2:7.3.547-4ubuntu1.1
2013-01-10 23:16:26 status installed vim-runtime:all 2:7.3.547-4ubuntu1.1
2013-01-10 23:16:26 configure vim-nox:armhf 2:7.3.547-4ubuntu1.1 <none>
2013-01-10 23:16:26 status unpacked vim-nox:armhf 2:7.3.547-4ubuntu1.1
2013-01-10 23:16:26 status half-configured vim-nox:armhf 2:7.3.547-4ubuntu1.1
2013-01-10 23:16:27 status installed vim-nox:armhf 2:7.3.547-4ubuntu1.1
2013-01-10 23:16:27 configure kbd:armhf 1.15.3-9ubuntu1 <none>
2013-01-10 23:16:27 status unpacked kbd:armhf 1.15.3-9ubuntu1
2013-01-10 23:16:27 status unpacked kbd:armhf 1.15.3-9ubuntu1
2013-01-10 23:16:27 status unpacked kbd:armhf 1.15.3-9ubuntu1
2013-01-10 23:16:27 status half-configured kbd:armhf 1.15.3-9ubuntu1
2013-01-10 23:16:27 status installed kbd:armhf 1.15.3-9ubuntu1
2013-01-10 23:16:27 configure console-common:all 0.7.87 <none>
2013-01-10 23:16:27 status unpacked console-common:all 0.7.87
2013-01-10 23:16:27 status unpacked console-common:all 0.7.87
2013-01-10 23:16:27 status unpacked console-common:all 0.7.87
2013-01-10 23:16:27 status half-configured console-common:all 0.7.87
2013-01-10 23:16:29 status triggers-awaited console-common:all 0.7.87
2013-01-10 23:16:29 configure console-setup:all 1.70ubuntu6 <none>
2013-01-10 23:16:29 status unpacked console-setup:all 1.70ubuntu6
2013-01-10 23:16:29 status triggers-pending ureadahead:armhf 0.100.0-12build1
2013-01-10 23:16:29 status unpacked console-setup:all 1.70ubuntu6
2013-01-10 23:16:29 status unpacked console-setup:all 1.70ubuntu6
2013-01-10 23:16:29 status unpacked console-setup:all 1.70ubuntu6
2013-01-10 23:16:29 status unpacked console-setup:all 1.70ubuntu6
2013-01-10 23:16:29 status unpacked console-setup:all 1.70ubuntu6
2013-01-10 23:16:29 status unpacked console-setup:all 1.70ubuntu6
2013-01-10 23:16:29 status unpacked console-setup:all 1.70ubuntu6
2013-01-10 23:16:29 status unpacked console-setup:all 1.70ubuntu6
2013-01-10 23:16:29 status unpacked console-setup:all 1.70ubuntu6
2013-01-10 23:16:30 status unpacked console-setup:all 1.70ubuntu6
2013-01-10 23:16:30 status unpacked console-setup:all 1.70ubuntu6
2013-01-10 23:16:30 status unpacked console-setup:all 1.70ubuntu6
2013-01-10 23:16:31 status unpacked console-setup:all 1.70ubuntu6
2013-01-10 23:16:31 status unpacked console-setup:all 1.70ubuntu6
2013-01-10 23:16:31 status unpacked console-setup:all 1.70ubuntu6
2013-01-10 23:16:31 status unpacked console-setup:all 1.70ubuntu6
2013-01-10 23:16:31 status unpacked console-setup:all 1.70ubuntu6
2013-01-10 23:16:31 status unpacked console-setup:all 1.70ubuntu6
2013-01-10 23:16:31 status unpacked console-setup:all 1.70ubuntu6
2013-01-10 23:16:31 status unpacked console-setup:all 1.70ubuntu6
2013-01-10 23:16:31 status unpacked console-setup:all 1.70ubuntu6
2013-01-10 23:16:32 status unpacked console-setup:all 1.70ubuntu6
2013-01-10 23:16:32 status unpacked console-setup:all 1.70ubuntu6
2013-01-10 23:16:32 status unpacked console-setup:all 1.70ubuntu6
2013-01-10 23:16:32 status unpacked console-setup:all 1.70ubuntu6
2013-01-10 23:16:32 status unpacked console-setup:all 1.70ubuntu6
2013-01-10 23:16:32 status unpacked console-setup:all 1.70ubuntu6
2013-01-10 23:16:32 status unpacked console-setup:all 1.70ubuntu6
2013-01-10 23:16:32 status unpacked console-setup:all 1.70ubuntu6
2013-01-10 23:16:32 status unpacked console-setup:all 1.70ubuntu6
2013-01-10 23:16:32 status unpacked console-setup:all 1.70ubuntu6
2013-01-10 23:16:32 status unpacked console-setup:all 1.70ubuntu6
2013-01-10 23:16:32 status unpacked console-setup:all 1.70ubuntu6
2013-01-10 23:16:32 status half-configured console-setup:all 1.70ubuntu6
2013-01-10 23:16:38 status triggers-awaited console-setup:all 1.70ubuntu6
2013-01-10 23:16:38 status triggers-pending initramfs-tools:all 0.103ubuntu0.2
2013-01-10 23:16:38 trigproc libc-bin:armhf 2.15-0ubuntu20 <none>
2013-01-10 23:16:38 status half-configured libc-bin:armhf 2.15-0ubuntu20
2013-01-10 23:16:39 status installed libc-bin:armhf 2.15-0ubuntu20
2013-01-10 23:16:39 trigproc ureadahead:armhf 0.100.0-12build1 <none>
2013-01-10 23:16:39 status half-configured ureadahead:armhf 0.100.0-12build1
2013-01-10 23:16:39 status installed console-setup:all 1.70ubuntu6
2013-01-10 23:16:39 status installed console-common:all 0.7.87
2013-01-10 23:16:39 status installed ntp:armhf 1:4.2.6.p3+dfsg-1ubuntu5
2013-01-10 23:16:39 status installed ureadahead:armhf 0.100.0-12build1
2013-01-10 23:16:39 trigproc initramfs-tools:all 0.103ubuntu0.2 <none>
2013-01-10 23:16:39 status half-configured initramfs-tools:all 0.103ubuntu0.2
2013-01-10 23:16:40 status installed initramfs-tools:all 0.103ubuntu0.2
2013-01-10 23:17:22 startup archives unpack
2013-01-10 23:17:22 install smbclient:armhf <none> 2:3.6.6-3ubuntu5
2013-01-10 23:17:22 status half-installed smbclient:armhf 2:3.6.6-3ubuntu5
2013-01-10 23:17:25 status unpacked smbclient:armhf 2:3.6.6-3ubuntu5
2013-01-10 23:17:26 status unpacked smbclient:armhf 2:3.6.6-3ubuntu5
2013-01-10 23:17:29 startup packages configure
2013-01-10 23:17:29 configure smbclient:armhf 2:3.6.6-3ubuntu5 <none>
2013-01-10 23:17:29 status unpacked smbclient:armhf 2:3.6.6-3ubuntu5
2013-01-10 23:17:29 status half-configured smbclient:armhf 2:3.6.6-3ubuntu5
2013-01-10 23:17:29 status installed smbclient:armhf 2:3.6.6-3ubuntu5
